z:\maldevedr\_external\edrhelper\x64\release\x64edrhelper.pch
z:\maldevedr\_external\edrhelper\x64\release\vc143.pdb
z:\maldevedr\_external\edrhelper\x64\release\pch.obj
z:\maldevedr\_external\edrhelper\x64\release\dllmain.obj
c:\users\brad.brown\source\repos\edrhelper\x64\release\$x64(projectname).lib
c:\users\brad.brown\source\repos\edrhelper\x64\release\$x64(projectname).exp
c:\users\brad.brown\source\repos\edrhelper\x64\release\$x64(projectname).ipdb
c:\users\brad.brown\source\repos\edrhelper\x64\release\$x64(projectname).iobj
c:\users\brad.brown\source\repos\edrhelper\x64\release\x64edrhelper.lib
c:\users\brad.brown\source\repos\edrhelper\x64\release\x64edrhelper.exp
c:\users\brad.brown\source\repos\edrhelper\x64\release\x64edrhelper.ipdb
c:\users\brad.brown\source\repos\edrhelper\x64\release\x64edrhelper.iobj
z:\maldevedr\_external\bin\x64edrhelper.lib
z:\maldevedr\_external\bin\x64edrhelper.exp
z:\maldevedr\_external\bin\x64edrhelper.dll
z:\maldevedr\_external\edrhelper\x64\release\x64edrhelper.ipdb
z:\maldevedr\_external\edrhelper\x64\release\x64edrhelper.iobj
z:\maldevedr\_external\edrhelper\x64\release\$x64(projectname).ipdb
z:\maldevedr\_external\edrhelper\x64\release\$x64(projectname).iobj
z:\maldevedr\_external\edrhelper\x64\release\$x64(projectname).pch
z:\maldevedr\_external\edrhelper\x64\release\$x64(projectname).exp
z:\maldevedr\_external\edrhelper\x64\release\x64edrhelper.exp
z:\maldevedr\_external\edrhelper\x64\release\$x64(projectname).pdb
z:\maldevedr\_external\edrhelper\x64\release\x64edrhelper.pdb
z:\maldevedr\_external\edrhelper\x64\release\edrhelper.tlog\cl.command.1.tlog
z:\maldevedr\_external\edrhelper\x64\release\edrhelper.tlog\cl.items.tlog
z:\maldevedr\_external\edrhelper\x64\release\edrhelper.tlog\cl.read.1.tlog
z:\maldevedr\_external\edrhelper\x64\release\edrhelper.tlog\cl.write.1.tlog
z:\maldevedr\_external\edrhelper\x64\release\edrhelper.tlog\link.command.1.tlog
z:\maldevedr\_external\edrhelper\x64\release\edrhelper.tlog\link.read.1.tlog
z:\maldevedr\_external\edrhelper\x64\release\edrhelper.tlog\link.write.1.tlog
z:\maldevedr\_external\edrhelper\x64\release\edrhelper.tlog\link.write.2u.tlog
